<?xml version="1.0" encoding="UTF-8"?>
<!-- Generated by org.testng.reporters.JUnitXMLReporter -->
<testsuite hostname="Monika" name="Default test" tests="10" failures="0" timestamp="7 Apr 2018 19:54:31 GMT" time="384.031" errors="0">
  <testcase name="Createbranch" time="6.423" classname="com.automation.testcases.gurukula.GurukulaBranchScenarios"/>
  <testcase name="Searchbranch" time="2.306" classname="com.automation.testcases.gurukula.GurukulaBranchScenarios"/>
  <testcase name="viewbranch" time="1.535" classname="com.automation.testcases.gurukula.GurukulaBranchScenarios"/>
  <testcase name="editbranch" time="4.083" classname="com.automation.testcases.gurukula.GurukulaBranchScenarios"/>
  <testcase name="deletebranch" time="5.107" classname="com.automation.testcases.gurukula.GurukulaBranchScenarios"/>
  <testcase name="CreateStaff" time="3.299" classname="com.automation.testcases.gurukula.GurkulaStaffScenarios"/>
  <testcase name="Searchstaff" time="2.772" classname="com.automation.testcases.gurukula.GurkulaStaffScenarios"/>
  <testcase name="viewstaff" time="1.857" classname="com.automation.testcases.gurukula.GurkulaStaffScenarios"/>
  <testcase name="editstaff" time="9.812" classname="com.automation.testcases.gurukula.GurkulaStaffScenarios"/>
  <testcase name="deletestaff" time="4.873" classname="com.automation.testcases.gurukula.GurkulaStaffScenarios"/>
</testsuite> <!-- Default test -->
