<?xml version="1.0" encoding="UTF-8"?>
<testsuite name="TestSuite" time="42.066" tests="10" errors="0" skipped="0" failures="0">
  <properties>
[...]
</properties>
  <testcase name="Createbranch" classname="com.automation.testcases.gurukula.GurukulaBranchScenarios" time="6.423"/>
  <testcase name="Searchbranch" classname="com.automation.testcases.gurukula.GurukulaBranchScenarios" time="2.306"/>
  <testcase name="viewbranch" classname="com.automation.testcases.gurukula.GurukulaBranchScenarios" time="1.535"/>
  <testcase name="editbranch" classname="com.automation.testcases.gurukula.GurukulaBranchScenarios" time="4.082"/>
  <testcase name="deletebranch" classname="com.automation.testcases.gurukula.GurukulaBranchScenarios" time="5.107"/>
  <testcase name="CreateStaff" classname="com.automation.testcases.gurukula.GurkulaStaffScenarios" time="3.299"/>
  <testcase name="Searchstaff" classname="com.automation.testcases.gurukula.GurkulaStaffScenarios" time="2.772"/>
  <testcase name="viewstaff" classname="com.automation.testcases.gurukula.GurkulaStaffScenarios" time="1.857"/>
  <testcase name="editstaff" classname="com.automation.testcases.gurukula.GurkulaStaffScenarios" time="9.812"/>
  <testcase name="deletestaff" classname="com.automation.testcases.gurukula.GurkulaStaffScenarios" time="4.873"/>
</testsuite>