<?xml version="1.0" encoding="UTF-8"?>
<!-- Generated by org.testng.reporters.JUnitXMLReporter -->
<testsuite hostname="Monika" name="Default test" tests="10" failures="0" timestamp="8 Apr 2018 08:44:48 GMT" time="398.36" errors="0">
  <testcase name="Createbranch" time="9.395" classname="com.automation.testcases.gurukula.GurukulaBranchScenarios"/>
  <testcase name="Searchbranch" time="2.64" classname="com.automation.testcases.gurukula.GurukulaBranchScenarios"/>
  <testcase name="viewbranch" time="1.267" classname="com.automation.testcases.gurukula.GurukulaBranchScenarios"/>
  <testcase name="editbranch" time="7.897" classname="com.automation.testcases.gurukula.GurukulaBranchScenarios"/>
  <testcase name="deletebranch" time="3.105" classname="com.automation.testcases.gurukula.GurukulaBranchScenarios"/>
  <testcase name="CreateStaff" time="8.891" classname="com.automation.testcases.gurukula.GurkulaStaffScenarios"/>
  <testcase name="Searchstaff" time="2.268" classname="com.automation.testcases.gurukula.GurkulaStaffScenarios"/>
  <testcase name="viewstaff" time="1.481" classname="com.automation.testcases.gurukula.GurkulaStaffScenarios"/>
  <testcase name="editstaff" time="7.25" classname="com.automation.testcases.gurukula.GurkulaStaffScenarios"/>
  <testcase name="deletestaff" time="2.861" classname="com.automation.testcases.gurukula.GurkulaStaffScenarios"/>
</testsuite> <!-- Default test -->
