<?xml version="1.0" encoding="UTF-8"?>
<testng-results skipped="0" failed="0" total="10" passed="10">
  <reporter-output>
  </reporter-output>
  <suite name="Default suite" duration-ms="398360" started-at="2018-04-08T08:38:09Z" finished-at="2018-04-08T08:44:47Z">
    <groups>
    </groups>
    <test name="Default test" duration-ms="398360" started-at="2018-04-08T08:38:09Z" finished-at="2018-04-08T08:44:47Z">
      <class name="com.automation.testcases.gurukula.GurkulaStaffScenarios">
        <test-method status="PASS" signature="Createbranch()[pri:0, instance:com.automation.testcases.gurukula.GurkulaStaffScenarios@69ea3742]" name="Createbranch" is-config="true" duration-ms="61894" started-at="2018-04-08T10:40:50Z" finished-at="2018-04-08T10:41:52Z">
          <reporter-output>
          </reporter-output>
        </test-method> <!-- Createbranch -->
        <test-method status="PASS" signature="setUp()[pri:0, instance:com.automation.testcases.gurukula.GurkulaStaffScenarios@69ea3742]" name="setUp" is-config="true" duration-ms="13373" started-at="2018-04-08T10:41:52Z" finished-at="2018-04-08T10:42:05Z">
          <reporter-output>
          </reporter-output>
        </test-method> <!-- setUp -->
        <test-method status="PASS" signature="CreateStaff()[pri:0, instance:com.automation.testcases.gurukula.GurkulaStaffScenarios@69ea3742]" name="CreateStaff" duration-ms="8891" started-at="2018-04-08T10:42:05Z" description="Create new staff" finished-at="2018-04-08T10:42:14Z">
          <reporter-output>
          </reporter-output>
        </test-method> <!-- CreateStaff -->
        <test-method status="PASS" signature="tearDown()[pri:0, instance:com.automation.testcases.gurukula.GurkulaStaffScenarios@69ea3742]" name="tearDown" is-config="true" duration-ms="4070" started-at="2018-04-08T10:42:14Z" finished-at="2018-04-08T10:42:18Z">
          <reporter-output>
          </reporter-output>
        </test-method> <!-- tearDown -->
        <test-method status="PASS" signature="setUp()[pri:0, instance:com.automation.testcases.gurukula.GurkulaStaffScenarios@69ea3742]" name="setUp" is-config="true" duration-ms="23390" started-at="2018-04-08T10:42:18Z" finished-at="2018-04-08T10:42:41Z">
          <reporter-output>
          </reporter-output>
        </test-method> <!-- setUp -->
        <test-method status="PASS" signature="Searchstaff()[pri:0, instance:com.automation.testcases.gurukula.GurkulaStaffScenarios@69ea3742]" name="Searchstaff" duration-ms="2268" started-at="2018-04-08T10:42:41Z" description="Search a staff" finished-at="2018-04-08T10:42:44Z">
          <reporter-output>
          </reporter-output>
        </test-method> <!-- Searchstaff -->
        <test-method status="PASS" signature="tearDown()[pri:0, instance:com.automation.testcases.gurukula.GurkulaStaffScenarios@69ea3742]" name="tearDown" is-config="true" duration-ms="2321" started-at="2018-04-08T10:42:44Z" finished-at="2018-04-08T10:42:46Z">
          <reporter-output>
          </reporter-output>
        </test-method> <!-- tearDown -->
        <test-method status="PASS" signature="setUp()[pri:0, instance:com.automation.testcases.gurukula.GurkulaStaffScenarios@69ea3742]" name="setUp" is-config="true" duration-ms="39684" started-at="2018-04-08T10:42:46Z" finished-at="2018-04-08T10:43:26Z">
          <reporter-output>
          </reporter-output>
        </test-method> <!-- setUp -->
        <test-method status="PASS" signature="viewstaff()[pri:0, instance:com.automation.testcases.gurukula.GurkulaStaffScenarios@69ea3742]" name="viewstaff" duration-ms="1481" started-at="2018-04-08T10:43:26Z" description="View a staff" finished-at="2018-04-08T10:43:27Z">
          <reporter-output>
          </reporter-output>
        </test-method> <!-- viewstaff -->
        <test-method status="PASS" signature="tearDown()[pri:0, instance:com.automation.testcases.gurukula.GurkulaStaffScenarios@69ea3742]" name="tearDown" is-config="true" duration-ms="2326" started-at="2018-04-08T10:43:27Z" finished-at="2018-04-08T10:43:30Z">
          <reporter-output>
          </reporter-output>
        </test-method> <!-- tearDown -->
        <test-method status="PASS" signature="setUp()[pri:0, instance:com.automation.testcases.gurukula.GurkulaStaffScenarios@69ea3742]" name="setUp" is-config="true" duration-ms="19182" started-at="2018-04-08T10:43:30Z" finished-at="2018-04-08T10:43:49Z">
          <reporter-output>
          </reporter-output>
        </test-method> <!-- setUp -->
        <test-method status="PASS" signature="editstaff()[pri:0, instance:com.automation.testcases.gurukula.GurkulaStaffScenarios@69ea3742]" name="editstaff" duration-ms="7250" started-at="2018-04-08T10:43:49Z" description="Edit a staff" finished-at="2018-04-08T10:43:56Z">
          <reporter-output>
          </reporter-output>
        </test-method> <!-- editstaff -->
        <test-method status="PASS" signature="tearDown()[pri:0, instance:com.automation.testcases.gurukula.GurkulaStaffScenarios@69ea3742]" name="tearDown" is-config="true" duration-ms="2203" started-at="2018-04-08T10:43:56Z" finished-at="2018-04-08T10:43:58Z">
          <reporter-output>
          </reporter-output>
        </test-method> <!-- tearDown -->
        <test-method status="PASS" signature="setUp()[pri:0, instance:com.automation.testcases.gurukula.GurkulaStaffScenarios@69ea3742]" name="setUp" is-config="true" duration-ms="13175" started-at="2018-04-08T10:43:58Z" finished-at="2018-04-08T10:44:11Z">
          <reporter-output>
          </reporter-output>
        </test-method> <!-- setUp -->
        <test-method status="PASS" signature="deletestaff()[pri:0, instance:com.automation.testcases.gurukula.GurkulaStaffScenarios@69ea3742]" name="deletestaff" duration-ms="2861" started-at="2018-04-08T10:44:11Z" description="Delete a staff" finished-at="2018-04-08T10:44:14Z">
          <reporter-output>
          </reporter-output>
        </test-method> <!-- deletestaff -->
        <test-method status="PASS" signature="tearDown()[pri:0, instance:com.automation.testcases.gurukula.GurkulaStaffScenarios@69ea3742]" name="tearDown" is-config="true" duration-ms="2277" started-at="2018-04-08T10:44:14Z" finished-at="2018-04-08T10:44:16Z">
          <reporter-output>
          </reporter-output>
        </test-method> <!-- tearDown -->
        <test-method status="PASS" signature="Deletebranch()[pri:0, instance:com.automation.testcases.gurukula.GurkulaStaffScenarios@69ea3742]" name="Deletebranch" is-config="true" duration-ms="30522" started-at="2018-04-08T10:44:16Z" finished-at="2018-04-08T10:44:47Z">
          <reporter-output>
          </reporter-output>
        </test-method> <!-- Deletebranch -->
      </class> <!-- com.automation.testcases.gurukula.GurkulaStaffScenarios -->
      <class name="com.automation.testcases.gurukula.GurukulaBranchScenarios">
        <test-method status="PASS" signature="setUp()[pri:0, instance:com.automation.testcases.gurukula.GurukulaBranchScenarios@490ab905]" name="setUp" is-config="true" duration-ms="37722" started-at="2018-04-08T10:38:09Z" finished-at="2018-04-08T10:38:46Z">
          <reporter-output>
          </reporter-output>
        </test-method> <!-- setUp -->
        <test-method status="PASS" signature="Createbranch()[pri:0, instance:com.automation.testcases.gurukula.GurukulaBranchScenarios@490ab905]" name="Createbranch" duration-ms="9395" started-at="2018-04-08T10:38:46Z" description="Create new branch" finished-at="2018-04-08T10:38:56Z">
          <reporter-output>
          </reporter-output>
        </test-method> <!-- Createbranch -->
        <test-method status="PASS" signature="tearDown()[pri:0, instance:com.automation.testcases.gurukula.GurukulaBranchScenarios@490ab905]" name="tearDown" is-config="true" duration-ms="5866" started-at="2018-04-08T10:38:56Z" finished-at="2018-04-08T10:39:02Z">
          <reporter-output>
          </reporter-output>
        </test-method> <!-- tearDown -->
        <test-method status="PASS" signature="setUp()[pri:0, instance:com.automation.testcases.gurukula.GurukulaBranchScenarios@490ab905]" name="setUp" is-config="true" duration-ms="25818" started-at="2018-04-08T10:39:02Z" finished-at="2018-04-08T10:39:27Z">
          <reporter-output>
          </reporter-output>
        </test-method> <!-- setUp -->
        <test-method status="PASS" signature="Searchbranch()[pri:0, instance:com.automation.testcases.gurukula.GurukulaBranchScenarios@490ab905]" name="Searchbranch" duration-ms="2640" started-at="2018-04-08T10:39:27Z" description="Search a branch" finished-at="2018-04-08T10:39:30Z">
          <reporter-output>
          </reporter-output>
        </test-method> <!-- Searchbranch -->
        <test-method status="PASS" signature="tearDown()[pri:0, instance:com.automation.testcases.gurukula.GurukulaBranchScenarios@490ab905]" name="tearDown" is-config="true" duration-ms="2276" started-at="2018-04-08T10:39:30Z" finished-at="2018-04-08T10:39:32Z">
          <reporter-output>
          </reporter-output>
        </test-method> <!-- tearDown -->
        <test-method status="PASS" signature="setUp()[pri:0, instance:com.automation.testcases.gurukula.GurukulaBranchScenarios@490ab905]" name="setUp" is-config="true" duration-ms="19769" started-at="2018-04-08T10:39:32Z" finished-at="2018-04-08T10:39:52Z">
          <reporter-output>
          </reporter-output>
        </test-method> <!-- setUp -->
        <test-method status="PASS" signature="viewbranch()[pri:0, instance:com.automation.testcases.gurukula.GurukulaBranchScenarios@490ab905]" name="viewbranch" duration-ms="1267" started-at="2018-04-08T10:39:52Z" description="View the branch" finished-at="2018-04-08T10:39:53Z">
          <reporter-output>
          </reporter-output>
        </test-method> <!-- viewbranch -->
        <test-method status="PASS" signature="tearDown()[pri:0, instance:com.automation.testcases.gurukula.GurukulaBranchScenarios@490ab905]" name="tearDown" is-config="true" duration-ms="2169" started-at="2018-04-08T10:39:53Z" finished-at="2018-04-08T10:39:56Z">
          <reporter-output>
          </reporter-output>
        </test-method> <!-- tearDown -->
        <test-method status="PASS" signature="setUp()[pri:0, instance:com.automation.testcases.gurukula.GurukulaBranchScenarios@490ab905]" name="setUp" is-config="true" duration-ms="17507" started-at="2018-04-08T10:39:56Z" finished-at="2018-04-08T10:40:13Z">
          <reporter-output>
          </reporter-output>
        </test-method> <!-- setUp -->
        <test-method status="PASS" signature="editbranch()[pri:0, instance:com.automation.testcases.gurukula.GurukulaBranchScenarios@490ab905]" name="editbranch" duration-ms="7897" started-at="2018-04-08T10:40:13Z" description="Edit a branch" finished-at="2018-04-08T10:40:21Z">
          <reporter-output>
          </reporter-output>
        </test-method> <!-- editbranch -->
        <test-method status="PASS" signature="tearDown()[pri:0, instance:com.automation.testcases.gurukula.GurukulaBranchScenarios@490ab905]" name="tearDown" is-config="true" duration-ms="3261" started-at="2018-04-08T10:40:21Z" finished-at="2018-04-08T10:40:24Z">
          <reporter-output>
          </reporter-output>
        </test-method> <!-- tearDown -->
        <test-method status="PASS" signature="setUp()[pri:0, instance:com.automation.testcases.gurukula.GurukulaBranchScenarios@490ab905]" name="setUp" is-config="true" duration-ms="19605" started-at="2018-04-08T10:40:24Z" finished-at="2018-04-08T10:40:44Z">
          <reporter-output>
          </reporter-output>
        </test-method> <!-- setUp -->
        <test-method status="PASS" signature="deletebranch()[pri:0, instance:com.automation.testcases.gurukula.GurukulaBranchScenarios@490ab905]" name="deletebranch" duration-ms="3105" started-at="2018-04-08T10:40:44Z" description="Delete a branch" finished-at="2018-04-08T10:40:47Z">
          <reporter-output>
          </reporter-output>
        </test-method> <!-- deletebranch -->
        <test-method status="PASS" signature="tearDown()[pri:0, instance:com.automation.testcases.gurukula.GurukulaBranchScenarios@490ab905]" name="tearDown" is-config="true" duration-ms="2836" started-at="2018-04-08T10:40:47Z" finished-at="2018-04-08T10:40:50Z">
          <reporter-output>
          </reporter-output>
        </test-method> <!-- tearDown -->
      </class> <!-- com.automation.testcases.gurukula.GurukulaBranchScenarios -->
    </test> <!-- Default test -->
  </suite> <!-- Default suite -->
</testng-results>
